2025-11-01 09:09:02 [INFO] シナリオ「IAL00304_01.ums6」を実行しました　ノードID：9001
2025-11-01 09:09:06 [WARNING] 外部APIの応答が不安定です　ノードID：6240
2025-11-01 09:09:09 [INFO] ユーザー情報を取得しました　ノードID：3320
2025-11-01 09:09:13 [INFO] キャッシュを更新しました　ノードID：7843
2025-11-01 09:09:17 [INFO] バッチ処理が正常終了　ノードID：1342
2025-11-01 09:09:21 [ERROR] データベースエラーが発生しました　ノードID：4419
2025-11-01 09:09:25 [INFO] 設定ファイルを読み込みました　ノードID：2207
2025-11-01 09:09:28 [INFO] レポートを生成しました　ノードID：5720
2025-11-01 09:09:32 [INFO] データベース接続成功　ノードID：9015
2025-11-01 09:09:36 [WARNING] ディスク容量が少なくなっています　ノードID：1188
2025-11-01 09:09:40 [INFO] APIリクエストを送信しました　ノードID：6603
2025-11-01 09:09:44 [ERROR] 接続タイムアウトが発生しました　ノードID：3408
2025-11-01 09:09:48 [INFO] キャッシュを更新しました　ノードID：9924
2025-11-01 09:09:52 [INFO] ユーザー情報を取得しました　ノードID：2704
2025-11-01 09:09:56 [INFO] バッチ処理が正常終了　ノードID：8119
2025-11-01 09:10:00 [WARNING] レスポンスが遅延しています　ノードID：4095
2025-11-01 09:10:04 [ERROR] 認証トークンが無効です　ノードID：5507
2025-11-01 09:10:08 [INFO] 設定ファイルを読み込みました　ノードID：8033
2025-11-01 09:10:12 [INFO] データベース接続成功　ノードID：4169
2025-11-01 09:10:16 [INFO] レポートを生成しました　ノードID：6891
2025-11-01 09:10:20 [INFO] キャッシュを更新しました　ノードID：9210
2025-11-01 09:09:02 [INFO] シナリオ「IAL00304_01.ums6」を実行しました　ノードID：5180
2025-11-01 09:09:06 [WARNING] 外部APIの応答が不安定です　ノードID：7433
2025-11-01 09:09:09 [INFO] ユーザー情報を取得しました　ノードID：1840
2025-11-01 09:09:13 [INFO] キャッシュを更新しました　ノードID：4090
2025-11-01 09:09:17 [INFO] バッチ処理が正常終了　ノードID：6105
2025-11-01 09:09:21 [ERROR] データベースエラーが発生しました　ノードID：3310
2025-11-01 09:09:25 [INFO] 設定ファイルを読み込みました　ノードID：7729
2025-11-01 09:09:28 [INFO] レポートを生成しました　ノードID：1433
2025-11-01 09:09:32 [INFO] データベース接続成功　ノードID：6083
2025-11-01 09:09:36 [WARNING] ディスク容量が少なくなっています　ノードID：4270
2025-11-01 09:09:40 [INFO] APIリクエストを送信しました　ノードID：9904
2025-11-01 09:09:44 [ERROR] 接続タイムアウトが発生しました　ノードID：7135
2025-11-01 09:09:48 [INFO] キャッシュを更新しました　ノードID：8210
2025-11-01 09:09:52 [INFO] ユーザー情報を取得しました　ノードID：5520
2025-11-01 09:09:56 [INFO] バッチ処理が正常終了　ノードID：6907
2025-11-01 09:10:00 [WARNING] レスポンスが遅延しています　ノードID：5501
2025-11-01 09:10:04 [ERROR] 認証トークンが無効です　ノードID：3514
2025-11-01 09:10:08 [INFO] 設定ファイルを読み込みました　ノードID：6877
2025-11-01 09:10:12 [INFO] データベース接続成功　ノードID：4908
2025-11-01 09:10:16 [INFO] レポートを生成しました　ノードID：1823
2025-11-01 09:10:20 [INFO] キャッシュを更新しました　ノードID：1550
