2025-11-01 09:05:56 [INFO] シナリオ「IAL00303_01.ums6」を実行しました　ノードID：9042
2025-11-01 09:05:59 [WARNING] レスポンスが遅延しています　ノードID：4410
2025-11-01 09:06:03 [ERROR] 認証トークンが無効です　ノードID：7703
2025-11-01 09:06:06 [INFO] キャッシュを更新しました　ノードID：2801
2025-11-01 09:06:09 [INFO] 設定ファイルを読み込みました　ノードID：9180
2025-11-01 09:06:12 [INFO] レポートを生成しました　ノードID：6504
2025-11-01 09:06:16 [WARNING] ディスク容量が少なくなっています　ノードID：1128
2025-11-01 09:06:19 [INFO] APIリクエストを送信しました　ノードID：9910
2025-11-01 09:06:22 [ERROR] 不明な例外が発生しました　ノードID：5448
2025-11-01 09:06:26 [INFO] データベース接続成功　ノードID：2241
2025-11-01 09:06:30 [INFO] ユーザー情報を取得しました　ノードID：8702
2025-11-01 09:06:34 [INFO] バッチ処理が正常終了　ノードID：3329
2025-11-01 09:06:37 [WARNING] 設定値がデフォルトのままです　ノードID：9054
2025-11-01 09:06:41 [ERROR] データベースエラーが発生しました　ノードID：1570
2025-11-01 09:06:45 [INFO] レポートを生成しました　ノードID：4812
2025-11-01 09:06:49 [INFO] キャッシュを更新しました　ノードID：2905
2025-11-01 09:06:53 [INFO] データベース接続成功　ノードID：7716
2025-11-01 09:06:57 [WARNING] 外部APIの応答が不安定です　ノードID：5039
2025-11-01 09:07:00 [INFO] バッチ処理が正常終了　ノードID：6823
2025-11-01 09:07:04 [ERROR] ファイルの読み込みに失敗しました　ノードID：4098
2025-11-01 09:07:08 [INFO] 設定ファイルを読み込みました　ノードID：2387
2025-11-01 09:07:12 [INFO] キャッシュを更新しました　ノードID：6611
2025-11-01 09:07:16 [ERROR] 接続タイムアウトが発生しました　ノードID：7454
2025-11-01 09:07:20 [INFO] データベース接続成功　ノードID：8082
2025-11-01 09:07:23 [INFO] レポートを生成しました　ノードID：9320
2025-11-01 09:07:27 [INFO] シナリオ「IAL00303_01.ums6」を実行しました　ノードID：5106
2025-11-01 09:07:31 [WARNING] レスポンスが遅延しています　ノードID：7649
2025-11-01 09:07:34 [INFO] ユーザー情報を取得しました　ノードID：1183
2025-11-01 09:07:38 [INFO] バッチ処理が正常終了　ノードID：8944
2025-11-01 09:07:41 [ERROR] データベースエラーが発生しました　ノードID：3232
2025-11-01 09:07:45 [INFO] キャッシュを更新しました　ノードID：7791
2025-11-01 09:07:49 [INFO] データベース接続成功　ノードID：5577
2025-11-01 09:07:53 [WARNING] 設定値がデフォルトのままです　ノードID：9048
2025-11-01 09:07:57 [INFO] 設定ファイルを読み込みました　ノードID：4429
2025-11-01 09:08:01 [INFO] レポートを生成しました　ノードID：6402
2025-11-01 09:08:05 [ERROR] 認証トークンが無効です　ノードID：2145
2025-11-01 09:08:09 [WARNING] ディスク容量が少なくなっています　ノードID：3278
2025-11-01 09:08:12 [INFO] ユーザー情報を取得しました　ノードID：6452
2025-11-01 09:08:16 [INFO] バッチ処理が正常終了　ノードID：9483
2025-11-01 09:08:19 [INFO] キャッシュを更新しました　ノードID：5101
2025-11-01 09:08:23 [ERROR] ファイルの読み込みに失敗しました　ノードID：7059
2025-11-01 09:08:27 [INFO] データベース接続成功　ノードID：1763
2025-11-01 09:08:30 [INFO] 設定ファイルを読み込みました　ノードID：8204
2025-11-01 09:08:50 [ERROR] 不明な例外が発生しました　ノードID：5732
2025-11-01 09:08:54 [INFO] レポートを生成しました　ノードID：8019
2025-11-01 09:08:58 [INFO] データベース接続成功　ノードID：1094
2025-11-01 09:05:56 [INFO] シナリオ「IAL00303_01.ums6」を実行しました　ノードID：7830
2025-11-01 09:05:59 [WARNING] レスポンスが遅延しています　ノードID：4155
2025-11-01 09:06:03 [ERROR] 認証トークンが無効です　ノードID：3389
2025-11-01 09:06:06 [INFO] キャッシュを更新しました　ノードID：6295
2025-11-01 09:06:09 [INFO] 設定ファイルを読み込みました　ノードID：7093
2025-11-01 09:06:12 [INFO] レポートを生成しました　ノードID：2821
2025-11-01 09:06:16 [WARNING] ディスク容量が少なくなっています　ノードID：9914
2025-11-01 09:06:19 [INFO] APIリクエストを送信しました　ノードID：1440
2025-11-01 09:06:22 [ERROR] 不明な例外が発生しました　ノードID：7709
2025-11-01 09:06:26 [INFO] データベース接続成功　ノードID：3209
2025-11-01 09:06:30 [INFO] ユーザー情報を取得しました　ノードID：8862
2025-11-01 09:06:34 [INFO] バッチ処理が正常終了　ノードID：1261
2025-11-01 09:06:37 [WARNING] 設定値がデフォルトのままです　ノードID：3600
2025-11-01 09:06:41 [ERROR] データベースエラーが発生しました　ノードID：9042
2025-11-01 09:06:45 [INFO] レポートを生成しました　ノードID：4368
2025-11-01 09:06:49 [INFO] キャッシュを更新しました　ノードID：2225
2025-11-01 09:06:53 [INFO] データベース接続成功　ノードID：7784
2025-11-01 09:06:57 [WARNING] 外部APIの応答が不安定です　ノードID：8810
2025-11-01 09:07:00 [INFO] バッチ処理が正常終了　ノードID：5524
2025-11-01 09:07:04 [ERROR] ファイルの読み込みに失敗しました　ノードID：9382
2025-11-01 09:07:08 [INFO] 設定ファイルを読み込みました　ノードID：1102
2025-11-01 09:07:12 [INFO] キャッシュを更新しました　ノードID：8807
2025-11-01 09:07:16 [ERROR] 接続タイムアウトが発生しました　ノードID：1159
2025-11-01 09:07:20 [INFO] データベース接続成功　ノードID：9448
2025-11-01 09:07:23 [INFO] レポートを生成しました　ノードID：5502
2025-11-01 09:07:27 [INFO] シナリオ「IAL00303_01.ums6」を実行しました　ノードID：6931
2025-11-01 09:07:31 [WARNING] レスポンスが遅延しています　ノードID：2705
2025-11-01 09:07:34 [INFO] ユーザー情報を取得しました　ノードID：8624
2025-11-01 09:07:38 [INFO] バッチ処理が正常終了　ノードID：1455
2025-11-01 09:07:41 [ERROR] データベースエラーが発生しました　ノードID：8113
2025-11-01 09:07:45 [INFO] キャッシュを更新しました　ノードID：4411
2025-11-01 09:07:49 [INFO] データベース接続成功　ノードID：7728
2025-11-01 09:07:53 [WARNING] 設定値がデフォルトのままです　ノードID：1204
2025-11-01 09:07:57 [INFO] 設定ファイルを読み込みました　ノードID：2205
2025-11-01 09:08:01 [INFO] レポートを生成しました　ノードID：3815
2025-11-01 09:08:05 [ERROR] 認証トークンが無効です　ノードID：8430
2025-11-01 09:08:09 [WARNING] ディスク容量が少なくなっています　ノードID：9911
2025-11-01 09:08:12 [INFO] ユーザー情報を取得しました　ノードID：4144
2025-11-01 09:08:16 [INFO] バッチ処理が正常終了　ノードID：2845
2025-11-01 09:08:19 [INFO] キャッシュを更新しました　ノードID：9150
2025-11-01 09:08:23 [ERROR] ファイルの読み込みに失敗しました　ノードID：6008
2025-11-01 09:08:27 [INFO] データベース接続成功　ノードID：9038
2025-11-01 09:08:30 [INFO] 設定ファイルを読み込みました　ノードID：1572
2025-11-01 09:08:34 [INFO] APIリクエストを送信しました　ノードID：7023
2025-11-01 09:08:38 [WARNING] レスポンスが遅延しています　ノードID：8856
2025-11-01 09:08:42 [INFO] バッチ処理が正常終了　ノードID：1244
2025-11-01 09:08:46 [INFO] キャッシュを更新しました　ノードID：4488
2025-11-01 09:08:50 [ERROR] 不明な例外が発生しました　ノードID：6901
2025-11-01 09:08:54 [INFO] レポートを生成しました　ノードID：5509
2025-11-01 09:08:58 [INFO] データベース接続成功　ノードID：9410
